* using log directory ‘/Users/robertk/dev/mungebits/..Rcheck’
* using R version 3.0.2 (2013-09-25)
* using platform: x86_64-apple-darwin10.8.0 (64-bit)
* using session charset: UTF-8
* checking for file ‘./DESCRIPTION’ ... OK
* checking extension type ... Package
* this is package ‘mungebits’ version ‘0.2.1’
* checking package namespace information ... OK
* checking package dependencies ... OK
* checking if this is a source package ... OK
* checking if there is a namespace ... OK
* checking for executable files ... WARNING
Found the following executable files:
  .git/objects/00/b3048f9828cf994fad673ac1ad26dddf8d9344
  .git/objects/01/33bdaccc4b28f40da8a6a5f44a63689824ce4e
  .git/objects/01/d07ff11f76c069eb7dc097055b0765c44b0d18
  .git/objects/02/844de273de5611144de1faa5e0295a995f06ec
  .git/objects/03/4d9ed3bff3705ddf7cff4583092dd610e0e587
  .git/objects/03/bc1524ed5561238b87109bc9f4e62768acf947
  .git/objects/04/1269516cc30bb322d09cb2b39cd6f4fe00e5ec
  .git/objects/04/4fca2eb49852b38754fda3615e824f2360a49e
  .git/objects/04/684dbac8e8125c892e9466b07299112f2a9948
  .git/objects/04/8dec728956ee5d6740b364a8fc62db90692e0f
  .git/objects/05/4f49a3f3569496f24bbff2792a79bd8619c671
  .git/objects/05/8ee8759aea15a0fa900517bd49907474d7b98a
  .git/objects/05/f3ec2448578f8d6c4a42a768394b938e7bfe1f
  .git/objects/07/812fce16a6269dbb9ab1ec46db8b3e2943f6fe
  .git/objects/07/c36db48551a12ed8a817f76f08dad73483a50b
  .git/objects/07/d37ff1a6e04fa526a09af1cbe0faf043f8b33a
  .git/objects/07/d90f080bad36489ded147545533b972da4d1f0
  .git/objects/08/1f313448b29d816e6c2f48b02af10d5ee7e6ea
  .git/objects/08/2a693aa860d67db7616e1374ba425db38d86fe
  .git/objects/08/3782c0ddfc73609387b518061b263feb1df665
  .git/objects/08/894264a57fd6b59f4723312c9d93580c097b0b
  .git/objects/09/aeacc8d3b0ec578d77b7c33df38e198562753b
  .git/objects/0a/db292485acfd721343c2f6258368600f7f9211
  .git/objects/0b/2eb6499aee193e0a36ce930e77af18c74b0d34
  .git/objects/0c/7c4eee3b515a8b375c4040ed5ffa8c44c4c09f
  .git/objects/0c/9e990809fa23b8ae207772a545b0fb8fffedac
  .git/objects/0c/c5920d330687abba1ed45d006e1880762cfb13
  .git/objects/0c/cc69e57f2b1ea4e49084021ede15738bb41764
  .git/objects/0e/12af3f9b850b264ecf4f2ba077f4fa54aa802f
  .git/objects/0e/6c4bcf1b4733095c279b18bfc2234baa66c974
  .git/objects/0f/333f5264e4cbb4d1022d819b1ddcf3dfba35de
  .git/objects/0f/ab18096d67e62868830763e0369be77a5818a0
  .git/objects/0f/b6401f96a49fb21a56df67488f8d3fbfe89284
  .git/objects/0f/f29d7989d15ddca2c765a8b68e6daf0c05bb34
  .git/objects/10/522f51c56b18884b00eb0feead8127f566f261
  .git/objects/10/541dd920c2e301ae458f3c739bbf973daa9a55
  .git/objects/10/57170091a2546108ce1c59ed60a1f254f78e2b
  .git/objects/10/7829d3a0fdd99752a800efd2d092ed483f8098
  .git/objects/10/889ceaea191447d3333057866fe79209366199
  .git/objects/10/b550cdbafed467e833f33bb804b47231aa9b6a
  .git/objects/11/538567cf0f8e9080e91c501e69338268338316
  .git/objects/11/59cf03f454396dc1a0ca2b1f0399068957bf27
  .git/objects/11/861c65e09ec3100264732c31124ee9feb2458a
  .git/objects/11/9cb94c9312729f82cdae40eb70420b7c57d5e6
  .git/objects/11/bb534a40383df163d3ec03bce7195c75942d2f
  .git/objects/11/c94f51e22bacb5591349ed2e1fd854826c7763
  .git/objects/12/5849fde049f26add56d793fc17c17f9b47d550
  .git/objects/12/7264b1f85a1fcacce2f2fa6a6877f1b5b28237
  .git/objects/13/b8d17f1716292194901b5c447bc0f806f4b5e3
  .git/objects/14/06b25cfdb27250f88d6c24bb8a89e825da04f4
  .git/objects/14/d80655f4534527030880245644d00e27fb2a64
  .git/objects/16/6ac54d518e521e9b1fec869e22511c2348afed
  .git/objects/17/bc04f03ef670d248574e554f0950b1bf8a3776
  .git/objects/17/d5a016267123b240c95ddb5c759845ef707eb7
  .git/objects/18/1b0a4e7a322e714cd9347718896b241a54794f
  .git/objects/18/83c000b00408765ca5588f462a3312da900fe9
  .git/objects/18/994724039640114dcf8399bbd29e6ae24647bc
  .git/objects/19/80fc3e953c433f0cf8627da8c87c77316d9148
  .git/objects/19/818dbb048589cd3c16de0f56c5dca3bedc0aa7
  .git/objects/1a/36409bb025bed76653e1213f3caa99cc39e2f3
  .git/objects/1b/31f718a6f72b23490888da2d5776a8871c29b7
  .git/objects/1b/8f5a28ae72cf914a0d107541223bf2df1ba93b
  .git/objects/1b/cd55706899735fb68068121ddd1d2cb114689c
  .git/objects/1c/7f29d3202603b98e08d4929d654396d9e16f53
  .git/objects/1c/b3a5edf39527cf8d6eb9c7f69b64770f36bd31
  .git/objects/1d/327f9fad59a4749680180e5507a6ee6435a7c1
  .git/objects/1d/a154ea95c7e1410f5de4f2f56b21fe4d3df874
  .git/objects/1d/cc3cd6b48b7f6701bb5e272fe2e13f1fec3c22
  .git/objects/1e/91346c348bad9f4685c3e04d97bfeaae1b7f9f
  .git/objects/1f/92c22d67f1c0a89d00660572dfc879eaf8dd97
  .git/objects/1f/a915f614580fdefd2e903086773fd26bc1e235
  .git/objects/1f/cf931d6134cffdb1520c10ffa108ad061ef4a4
  .git/objects/20/8fb531c915293b7bf78ce135cc440181b1e1e9
  .git/objects/20/e88cf101d7e87e935a704f3118c8882383f3f0
  .git/objects/20/f0d7bd82a7fb6dfabb47895d36169fa204e6dc
  .git/objects/21/e9526b3b571fdabc53595e3e9774816eeb973d
  .git/objects/22/380608f744dd09d6caf40de9185ad2c3401b87
  .git/objects/25/01fbe319e44ac2687ace2ccd67161cfbe59daa
  .git/objects/27/41f408dbe0ab26747cc4901aa989b07e432eda
  .git/objects/27/a563d12691c9925fe96093cdf620a4a13436e2
  .git/objects/28/56d6eb6debc71f53a3f145446d18fd15f649bb
  .git/objects/28/8aac8a903eb5bd02a7b12614495463f56c3c64
  .git/objects/28/947bd1eebb164d0e01e3c2ae02eb1240a025b0
  .git/objects/29/14502574ef6e89ae7a5e944c0f931175ede067
  .git/objects/29/1f94fdfdb9d3c5bd48d3069f49840c47e34ec8
  .git/objects/29/529e4c90fa934c6ac85cfe4e2afe42e3dc6032
  .git/objects/2a/db0e48af48d5d2220450f794c79efe4eb77f58
  .git/objects/2e/84c1351dd4e9fb06e9a6f55eb57a26210297ff
  .git/objects/2e/8a48780d134afa651e756506e13b4bd8458f08
  .git/objects/2e/cfcbedbe9dd1f242429dd6e60ad138f3d4cf38
  .git/objects/2e/db49ee2cf056ea723023c9472bc30eff63f9a6
  .git/objects/2f/4941941338787aad9ec805611e3b64c259be40
  .git/objects/2f/c744cfbe0d586d0b0dbe8f7298d283a09cae69
  .git/objects/30/57960b3c88ed3800293f0c031a352676636bab
  .git/objects/30/f2d4376b2ca84c15c02c59359fdf2ee2a432c1
  .git/objects/31/3cac528061008fd9d4801e594c95e4a4c71492
  .git/objects/31/bc506bb53eaee916f0c475eeae596855a764ef
  .git/objects/32/1d407169b9b15f8159ea2bdcb570603c228cd0
  .git/objects/32/49f8940241697f42c02d0355391c8f4b48e4ff
  .git/objects/32/9faa0237ac71324e3de41594e781e574765b37
  .git/objects/32/b98e5f7d09c5572fb580f4f1701226f41ad114
  .git/objects/34/e5eaffd103f9c76e960ac68a9bcbad30a94d14
  .git/objects/34/e81f545c6414b5584510bc58d09653d8a2f808
  .git/objects/36/2680b366901a0a63fe12a26aaa91be5b9746c2
  .git/objects/37/2d18359ee9363bd22096d193bc4a05820fb2ba
  .git/objects/37/4e35cd553288fe076b69cf3c4d056e5f91dba4
  .git/objects/37/599e749279f16009b9f06cf086a7ceab8afb60
  .git/objects/37/84d121e32e5e862489ec64faef39426adb0763
  .git/objects/37/c9d377fa7400db70bce93a33bf71b8f38659a5
  .git/objects/37/d60d90fca36dd0efe372c9750ac55c28417d00
  .git/objects/38/685873b061cac7b439085bb8c951cb3476c17f
  .git/objects/3a/0d0b88949513b7451a2cf7128f2469455e3bd0
  .git/objects/3a/9f1f21a3dbb4fbb029b7a813c24c82b8bd1015
  .git/objects/3a/a5315219bcdb29ab302a88ef24ece3860cfec8
  .git/objects/3a/c160dbaec513cb3dd1a0dc996d353d3230644c
  .git/objects/3b/62c87b9613924c8af7737e35b46e1323fe7441
  .git/objects/3b/81851d521f0878b887566f8af41339782bc957
  .git/objects/3c/3e12888d20d8fc6b2c60ff5518dd8173137a9e
  .git/objects/3c/a21ddd4706a693b21ae99cba0572cc7b7e76f6
  .git/objects/3c/e2fd1e96442d9bf54c49cbdde54861295e5fae
  .git/objects/3d/7f931697b24c1092a02b047cf3caa0adb64364
  .git/objects/3e/20a42f1bdbf8c520dfa8501c6d4b11149e7b7b
  .git/objects/3e/872741295db24fa5545267ea52a370812c819b
  .git/objects/3f/671c61f75d9004e4992f62df23ff2fdb826aa1
  .git/objects/3f/75ef40d53f714f9e945822f034ac91ca074a2b
  .git/objects/3f/7807747884feeb88d33b331feade62a44741ea
  .git/objects/3f/ba1b0c591b333c23a766b62cb5d90b8197ece0
  .git/objects/40/282bec3ebed266ab8977971e46fe3c6f5a8087
  .git/objects/40/7655e49b97ec7c0ab3c7dc07252e8c3c00901e
  .git/objects/41/5a0f4085f34fad6dffaa95e77b86fa3749f650
  .git/objects/41/9ba37bb5fdb25a10296b67b747e86cec0970a5
  .git/objects/41/c58adc1a769a858d1f73185fdf63eebb2bf3bf
  .git/objects/42/10717c889ddff88972097eff01b8337d16ce72
  .git/objects/43/2c3245ff8c0c0b4699c07c2eb8c84b6503720d
  .git/objects/43/a91a712afb61dd80c862dd9872b3dcc4276b29
  .git/objects/44/9b6c13c26112db9e19914ba897a76b7881e2be
  .git/objects/45/25b1f2e83354e861523a16c838c062bcd68da1
  .git/objects/46/71434da466f4fdc51ccaa02e8f91357f027bc5
  .git/objects/46/9fbe30652bae8bd6da2b904c876a956d3b65c5
  .git/objects/46/f03df8bdce8116f149258808872fb249bb447e
  .git/objects/47/5dfa48784c42a981c8f9c6531d5102c9d4ad25
  .git/objects/48/f6ac41237c39a4145e7394274364bb5aafa1d8
  .git/objects/4a/8c7ccc3ae9a44b345d9531bdc4cd7f5b06ce08
  .git/objects/4b/1ec71c20b8e01e3710a686d3729b43e44bb29c
  .git/objects/4b/7a5b5eb4b403b23abffdbf10a341dc2ffd33af
  .git/objects/4b/825dc642cb6eb9a060e54bf8d69288fbee4904
  .git/objects/4b/d58b5141a109c1e5d02bb56d2fcb505a127ce4
  .git/objects/4c/a5719462c73256b73fdf1193c4d44a29c453ae
  .git/objects/4c/c49903944735c460135f32932f4371b89fa51c
  .git/objects/4c/c8d65fb256f6bf1e3d2c67682a8d261f673de4
  .git/objects/4c/eb92d60924947461fc0aa9e46b61a18bd68482
  .git/objects/4d/da0443e1aed7443535e8b556d5412fe3725acb
  .git/objects/4e/35daf9aeb3346b95e6af4a1baa0d8a616127f4
  .git/objects/4e/9bc685b177d190afaac94cf83a2b25262934f4
  .git/objects/4e/b0c1986cb978d7308f4d2d7b62cedca929e575
  .git/objects/4e/c886492a87b1df56993d7a6736639095e90bfe
  .git/objects/4e/e589cab46d75d8a1121165da236bac965c5f0e
  .git/objects/4f/29feecce85b040a3e8ac9255127e865ff16ba9
  .git/objects/4f/58a57057634006606c1a15db0c08beef50af29
  .git/objects/4f/bb44fd3a4abad843ce8552cea74f06744a7df3
  .git/objects/50/1bd7242d82932308f5be8a8f44e8c280bec44b
  .git/objects/50/1fa60255ba947665d31b6796add667e08a890e
  .git/objects/50/dbf554bda5b55ef101d24aae84e7aec980bd03
  .git/objects/51/2b268d98222454b481a1a23c0f4d6643e1a7c1
  .git/objects/51/2f157b6cb4d92d6991d53edca5beb51f7763a9
  .git/objects/51/4d52682a40951c02b208c5b8e9255ae43b904a
  .git/objects/51/9a2750b1fed4fde325d9ecd3de6f33317a4d4f
  .git/objects/53/298d4bb685d8118725d8e2d0cf510459db6add
  .git/objects/53/ddd82192f16e4281e5439ba98d3bd737115cf3
  .git/objects/54/1b37e9a98dddc3914738e22117f1a26452df7b
  .git/objects/54/26cfb42bd40c79883bce74029872f057f1bcfe
  .git/objects/54/5b1f5a136ca311620cb202ec80bad11e7b34fe
  .git/objects/54/607cb4440ed9ca79596a89f1aaec89a24f7c8a
  .git/objects/54/8b0a42545c7eaa304e7bf427f4ae63044d8466
  .git/objects/54/b6cc5201c0de624a50d0066c47d68e351694da
  .git/objects/54/e7ddff4336d3fe09d2dc457b3641fc2ba450b6
  .git/objects/55/d918bc2cedb4924509854edffc80ee149caae0
  .git/objects/56/2fedcc1a0c10c253c5eb5ac5223b3e02b9d705
  .git/objects/56/e25967e1ad4c91386c8b1d1442e70794366469
  .git/objects/57/c7a2f8735923123d568b78a601eca9cfebcee3
  .git/objects/58/5c2586de124c09a3377b91ad929b9306a0d1d6
  .git/objects/58/80f38f056b63dd500d34da7811e9d9b3092f8c
  .git/objects/58/b761b392a7c29e032d54345a0d4392e716b509
  .git/objects/58/eacf940ca91eb9a000d3c51565b20a554096d2
  .git/objects/59/34d7be0f90c1b8f01186db9608c7bd970c1fa6
  .git/objects/59/934e8e1cfa24054ebd5d046f8e96939a278ef5
  .git/objects/5a/b1509653b6e9986b8cbba18ba9fea9908f65e0
  .git/objects/5b/a585479540b3dcff38b44aa5a88878b0f81d74
  .git/objects/5c/316c430b8e0e38f7189a42316cb9c4bf9ab878
  .git/objects/5c/a75016b50de2ade9f0829d54b9bafb11c41fe5
  .git/objects/5d/b29c40e1c1197c8fed43e6a01db14722e6d067
  .git/objects/5e/57fea2cb22a0cd14f2db674f6f5562441bb129
  .git/objects/5f/1d16fee725c273da1b4c58666e4afe566c1566
  .git/objects/60/16c41f7cbc2ab2b0c79d3f6c42f51ed6b59a10
  .git/objects/60/827d4e9bb89e3fd0acc3bb28ceecf2f359c804
  .git/objects/62/59876988c5575788a87562a47894494e70c3bb
  .git/objects/62/b2a7ac557244aad5c461e545e8640b17100bcd
  .git/objects/63/ae6656ea280752cad3827ab5ae3d9422922af0
  .git/objects/64/3ec5804306bc0da6602b9d2fd4f94530882e34
  .git/objects/65/706cba80cdfc2e1ffbc61224b4d1c7b6ee940a
  .git/objects/68/509e7f780584ed9e91c33ff11224cf9e0942cd
  .git/objects/69/1cfc0447cd5e5f90014dd6cc41f330e82fae82
  .git/objects/69/915736c9ebf80aceba5396cdb55768f0fef5e4
  .git/objects/69/b4c2e41c8ec3cdef3da339638343a3bd0f23cb
  .git/objects/6a/0b64f3571e94b34feaca52666e854de68b4790
  .git/objects/6a/9094ed0b5a13e6e82e67cd9cb85a026f2bf904
  .git/objects/6a/a069192a3f14ab5b7f5fc62bcef02bfc247b32
  .git/objects/6a/dedd8ac0936a67246b654d5316a103c0007f6f
  .git/objects/6b/1a9f2553e156090a14b0bdb54af6c68ee43588
  .git/objects/6b/dc17e011d4853803053bbb41e96fbbda9dfa57
  .git/objects/6b/e091ae09ba7754c33b00cbf94205f88354729a
  .git/objects/6c/389534eaa2881027a319ba1f8b6857502a4dd7
  .git/objects/6c/3be301bf73b6d5accdf0cf2603a608738fffc3
  .git/objects/6d/095fb7b4535857fd680b92f88283c0b6e9e42b
  .git/objects/6d/5084e684c666182c4bee1000fea6ad0b745488
  .git/objects/6d/55c4e9de3623675ffb0e7fa6105e5ee7faaad3
  .git/objects/6e/d102cd941d3690ae62b81ce902814027a6fee9
  .git/objects/6f/09bd91d6b2bed225ef90b51f56207190292676
  .git/objects/6f/389bd5fd07d0baed3eed549c7f35c7fc5a01f8
  .git/objects/71/fa5495a61cd1f6c3fa5394a73bd326b1326903
  .git/objects/72/eab6e82dcbdbad4243d770d9192011b47b8a2e
  .git/objects/73/1be666d9c8c4cdf24e4d05447799599043825a
  .git/objects/73/8c048e534a6116a42603b687f5690fdd2170bc
  .git/objects/74/6c7489c825a6e9a4edecfb50753eae80467eca
  .git/objects/74/7f697497b5c7e5e381f5c7ec8157d46f9132f3
  .git/objects/74/a3087222565c0250aedd437d25311cf86e7021
  .git/objects/75/9601469c8e1e349bf97b9274fd46727dc87767
  .git/objects/75/c94c31ab48ea30314ad99dd44e678669eb1ac3
  .git/objects/75/d5ffaa96d87fb7bb5fc3f3f4f3211fab6907b6
  .git/objects/76/569047d2d941179684cfc0474843008ea43af9
  .git/objects/78/25fed6dcd107a2f01bc7a09cda60caeeb1e637
  .git/objects/79/0d30060332a02dbb527167101eaa415282313a
  .git/objects/79/2a64fb0345b9ec3f9b00fd2f8875c3efd52ae0
  .git/objects/7a/ad1f79f0edf5bd14e152ce8950e9dcd0bbc6ba
  .git/objects/7c/59930410a8b31e172b53586900c3d35244e4bb
  .git/objects/7c/a7b4a628d1af750741101cf85aca6f40685dbc
  .git/objects/7c/deda44f3049cfdcce1e6e0320697d2410b6b62
  .git/objects/7d/8231068b9b6cdfc8573fce1efb16fd2fe19e13
  .git/objects/7d/c2cc7b89e8426c80897f7d350665969b69aee7
  .git/objects/7d/ebe15bbaf1a91b24e62960698f46118a4c9358
  .git/objects/7e/057ef28d8b215734eb44f9c9c6cdb1e710b0dc
  .git/objects/7e/62a38fc599a5e99c3f82b10fa32756a0d96171
  .git/objects/7e/825de2258b0f1554b2a5f4c482d166fc4698e3
  .git/objects/7f/7528a5853e9787ca696676ac10b2625b9d6a6d
  .git/objects/7f/d7a1e1500c0e0484af671387cb18595f352372
  .git/objects/81/16015d1fd5bd4624b0dfa0c5d366971a07e225
  .git/objects/81/1f87a37b527941372d97a8a49d07581b125002
  .git/objects/81/48c2ca61fc31b211f45984841cfb876e9be7b2
  .git/objects/81/a46072a3c451adea33b7ba24cda80ef22a9c92
  .git/objects/81/af286a0574c4f333f8407ec5e1dfabc6ec9276
  .git/objects/81/eb5dde5a4dcf13debd944387db9bb97e9ccdcf
  .git/objects/83/39f961cca0393573ed9dd7202501159e0a352e
  .git/objects/83/6728a4c3de5861890cb3ea80f47ce30c9394d5
  .git/objects/84/07ba929e02299f7dd7862322fffcffb51250d3
  .git/objects/84/8d6a8cc100099aa550b9c3a6e5961cc926aa82
  .git/objects/84/d2418a7fc5fad0bdbdb0481ca789b6ae355c9a
  .git/objects/85/8691daf8d684f2e80a0372e4b1b304ec345288
  .git/objects/86/edd4ca15402b1d05a762471119c09b66e680eb
  .git/objects/87/2ed276faa284b19e4a73bd5ce83c243d5ddf1f
  .git/objects/87/f6833f7ace58ea2acfe3a8fde176c3e5ae74c3
  .git/objects/88/a5771c34c32b5c6efe9bc2ec56e70f91f7c1b6
  .git/objects/8a/a2c7c20eecd965ed24eab37bea4fd99629dc97
  .git/objects/8a/d08704f89b6f4329f23dd8f70cf4716098a921
  .git/objects/8a/d69947cbd8b6fd7d48fb0746c78c063371361e
  .git/objects/8b/709590d08afda3ed8b189badddbcd9bb3b9bae
  .git/objects/8b/76f6d6d90825e5543679420d6979da7a26cf86
  .git/objects/8c/3d5306d51111606f7d00581c7927b3ac6599b4
  .git/objects/8c/9fb3c808bbe93662ed6ef6d492deb406fbe26c
  .git/objects/8d/2bb80830992f4a3e72935daed2b11a1cdb7653
  .git/objects/8e/17a55208c315d6279595dc9b2fe7b5e897a082
  .git/objects/8e/4e4e013dc97242cc5e926b65bb2658d575450d
  .git/objects/8f/536ae2f1f5099ba782d13d03b6a15c9dced8bc
  .git/objects/8f/9d7ebb09baf056c69b84e0317068b05a5d0a14
  .git/objects/8f/e9707f09e542f1cd8992346fc658eec2239fe4
  .git/objects/90/50fd48c3ac9b272b5264146f4429b3187b18ed
  .git/objects/90/8bd2598d25da272bfed49e91991bee3ffe663e
  .git/objects/90/f8d59f4377b114d8a0d53d924c6db2a0780f7d
  .git/objects/91/7155892b0f00aee5d7bc6c9b48eaaa4bc76795
  .git/objects/91/81b7f9e209ff2da2ee8b7ad531da244681ad44
  .git/objects/91/f5c2224b3c0d87cae56d29e115b3b36a73025e
  .git/objects/91/f78ff7d88986cbd05a90c78bdc4c12ac02c7dc
  .git/objects/92/894cf921477b710491303dd02589c74a1040e0
  .git/objects/92/b4cc57a42f560b982f928ec560341a97499f4a
  .git/objects/92/d127840774a7282a4019c1db9ef926983161cf
  .git/objects/93/828b19793c13d60824b530ebf870258e9cab39
  .git/objects/94/89c3ad36bbf2f757f02c1c4073d81c8ad5a6a4
  .git/objects/95/59b654f8993379b9146886962a42df258789f4
  .git/objects/95/5dfb8d645df5ae20fe78972595d1e445c18cf0
  .git/objects/95/751660d5e1b98224223e400efd5a33cb134f24
  .git/objects/95/975202b17b4e490ade91b2385a5935fc8ffb11
  .git/objects/95/b5eb4cccb22ddbd8f8c2c4f344baf8a3fd5188
  .git/objects/96/7ff6773aa5b150405b76ff79504bb204fcab88
  .git/objects/97/09e5b0752b7893e2102437dd2dfb22802a0e13
  .git/objects/98/3601887ce4787a4b743f45fd6c3baad917cb3f
  .git/objects/98/ab049a4bbb114ed972a4e2bff78bdad5e30fbb
  .git/objects/9a/2028ad1c6ca442293761093b132f0522c41128
  .git/objects/9a/313402d92b85622cb609f03fad013246dfa7cb
  .git/objects/9b/5dde70962ca13cb9df6b41a66f7f73cececacc
  .git/objects/9c/c0f984dd0d13d63d342dc8406408f269406105
  .git/objects/9c/dac9638a6ef37dda6efe1579e227c6d0d25844
  .git/objects/9d/2a6c469ff6ed0056a5fe7599a0ddb72d8cff13
  .git/objects/9e/343aac6e401cfdd1afdc93e7636c24407b7330
  .git/objects/9e/87144dc6e77013d2f9e4eb513a57c88a2044c0
  .git/objects/9e/ca6b251909506b5a59cce0a510174bb29aaafb
  .git/objects/9e/f2d17d16c04280b7437eeacd2783f8a5916bb3
  .git/objects/9f/1437f5146f1d7295be466d2c52874e8289a1f4
  .git/objects/9f/8a5efdd7ac767f5f476f4807a2669335fa3885
  .git/objects/a2/203f3e252f616e5567eb452088e9028d84980b
  .git/objects/a2/6eb47e362328b37de9fc6361e5fb7b2e21a8ca
  .git/objects/a2/cf6c872aaeab45e92f2d4128d81739092f1fff
  .git/objects/a3/6722c3311fd0fcea221e5f2191587e00f3ede2
  .git/objects/a3/8fa87853c123e9c8bed1bd4ecdb8c54af5c770
  .git/objects/a3/8fe64259211ac486d5277275eaae17c2e26cc4
  .git/objects/a3/b5b2d5ddee279dc2cd30dffe0cac4f29a32717
  .git/objects/a4/546bbcc1199a843c9f690ef09d41770dbf4f83
  .git/objects/a4/7b3d53e624125c5bf81c32cd64a0851ca50cac
  .git/objects/a4/b15a966645b00e4a3763dcc03b5e0268382e21
  .git/objects/a4/d5669e6ee1139c49ea91cc5f6dfe78becee1c1
  .git/objects/a5/0dd2da82f9b9b791bf288a45d3d368427efe54
  .git/objects/a5/68c007bd2fbf5a2e50fb7d65a244164ace3d1a
  .git/objects/a5/7b1d636c6cc02a480d785e26ef33caaf37bb2a
  .git/objects/a5/c589fbba8631f96a73a98abe8af3e3c1478d63
  .git/objects/a5/cbe5fb7405aa4790faa1878013416936da2add
  .git/objects/a7/22584b0298a72bb3813c9e29022d84cce721a1
  .git/objects/a8/3e33b5f15cbd848aba05770b1d78a9b3ac82ca
  .git/objects/a8/6ece749bdb80c87db2d0cb5781e3d5f39c6d87
  .git/objects/a9/13fa54b9e74e46378de410cf47ab3b02a885a0
  .git/objects/a9/4ee399f811badd677954a8da604c09ac9aed6b
  .git/objects/a9/b8d1dd2fedc7bec7924e4c3a6a8449171c5c78
  .git/objects/aa/7ba4a977b8c5065c59738cfb4d7362cec2a057
  .git/objects/aa/839f54390e46a09da681677794740a6a387f40
  .git/objects/ab/64885f655b309ab9c54928ef419fee9bf1999a
  .git/objects/ab/74862f58c926405e16712e67fdf8bd24d3916f
  .git/objects/ab/9b3684ec23e2df09da0b28ab5e9d7e56511f5d
  .git/objects/ab/b8f9dec709cb70d604fc34a0e198242872fe71
  .git/objects/ad/173d54bd625675575a52a26210d489db87ce59
  .git/objects/ad/d23861d3c2a920b1fd5af3e130b16d02fd25e5
  .git/objects/ae/6f7d89a77d4f61547033c92e9ef81b980cb944
  .git/objects/b1/0371b189a15dc92c09d5c38da4ec327d13452a
  .git/objects/b2/08bc1344ab61f64d4f84af9e0061dbacb264e5
  .git/objects/b2/afb3ad1a561e22c58fb0c0de342fe56ed4ac01
  .git/objects/b2/f0fb1eb00722d12c1ba56ed81d4b1a44be33b1
  .git/objects/b3/24ceee3d7667adaee310a825cb6ea95576586c
  .git/objects/b3/a1b3ac87b591f0e682b991633ae6bdb132add8
  .git/objects/b4/8770ca637e7ca92ef1337f8ecedfbfc4920a16
  .git/objects/b4/9239c18a0bbfe65cdd7d41185765cbef898d1e
  .git/objects/b4/9314e04afde9c9f72899c814a012769b4c2f18
  .git/objects/b4/9793062f370f969dbcbe2ad719609d08143680
  .git/objects/b5/399bd5ea04e7be1b803a062dc19e1099ddab54
  .git/objects/b5/3ea4e5235807c90fc9ba2bfaa6fa3c45b0bd31
  .git/objects/b6/81499aaf759eb1ce465bf23a2ef57686bda043
  .git/objects/b6/a2fc1f2d675f788fa0e2ff575e2bfa6fe14d12
  .git/objects/b6/da31564adec33a61308594dc19e9a0a7a88446
  .git/objects/b8/1962acc4d1c79b0e20d54f989e12babadd0732
  .git/objects/b9/082bc1f3a663256a5d9e5d057c6c719ecd3016
  .git/objects/b9/adcd0d6e3df387e6bdd5eafb8e93159f652b4c
  .git/objects/b9/bbd827fc832982f4aca40ab87d919ed212df56
  .git/objects/b9/ee52c0a08a1beb65a58c01619f966ee2914703
  .git/objects/ba/d553061bf58ba8516c9cae40e016e3985a054b
  .git/objects/bb/10e887dab55f442c5eb8c7b2424c569e3122ac
  .git/objects/bb/eb1c54d71293e64eb23b92f74fc0f26b39b4ea
  .git/objects/bb/f429a8914b632ffbcffcb0da8b3dcc38aeefa4
  .git/objects/bc/100b38a2de526d7886a221eb96411a74aae5a8
  .git/objects/bd/91f73d7ae230b8ad0aa92cd05439bb94d955ff
  .git/objects/bd/ffa6e58db302021fd30ae1c3831c3d8678bb7a
  .git/objects/bd/fffa02c2f8f970fb6e9dab4466a2d4314f91ed
  .git/objects/be/80b749b47e019c65a9d3a6366b5bafee033ab1
  .git/objects/bf/0ed0be26cd6c280705d0bb28298f67dfa788a1
  .git/objects/bf/16defb739669fca39206700794df8ce8006f1b
  .git/objects/bf/e6d92a7400e03b3dbd815929551ab002843573
  .git/objects/c0/0324a249b3187868a98a9814b5ebbb13124f86
  .git/objects/c0/6c1ba428ad225122c3ade85d1d0efa6ff61a90
  .git/objects/c0/783c389924d1abaa01562c2c7f6daf015f044d
  .git/objects/c0/aeab76255a906ee7f78865cec60e9335538298
  .git/objects/c1/1eb481ecf5f4ee298bf17b500a6b6a2c647c1a
  .git/objects/c2/3a85e2f23fb56b9235df609bc4a3af56903e5d
  .git/objects/c2/44ffd481aadb5df683ad229a6e7cf2f93d941f
  .git/objects/c3/18377423dd1e3576ac76bd6044311641a1654b
  .git/objects/c4/832f1596c292d2f37a4a5ba8066fd9a0b7c1b6
  .git/objects/c4/95a628e9e48bd513adf3ec3bc252dec214e294
  .git/objects/c5/342f8f796edbf5c84d17a5aef11026f528012b
  .git/objects/c5/47ead222d315d037d4d5c876bd01f28da8cf8b
  .git/objects/c5/baa7b864df960cfff9ee98711bc409e27ccd57
  .git/objects/c5/d5be73711539a4093382db0276ef95b08947ab
  .git/objects/c5/f4c36b6f49c27ec5b0cf4e046ee9206e5b4c36
  .git/objects/c6/551edb944c559ac6e38b8c12d979805467aeb4
  .git/objects/c6/8a73d0046bf7b01ef51251a806fd39c9d95f74
  .git/objects/c7/3e58b545b819a87ce67cfc3bd4c7b12232b73a
  .git/objects/c7/41ad3337623e7a17e5942ea67b14c23069a911
  .git/objects/c8/de5679164400fb6ac4a8bef495b3ffca869b10
  .git/objects/c9/23e063c98849a7750970621942d1ce314e0926
  .git/objects/c9/cbe81cf10465f89179ed516236cfd597bae32b
  .git/objects/ca/fba9d8b0732785c064e3c2f3850e27e53721aa
  .git/objects/cb/ef9f9996b832f57561351ecaa451bd1c7b5cef
  .git/objects/cd/b175ef7832647060f21a01c65836f489c5c1cb
  .git/objects/cd/cdae49cd76f0801cb1a7b16dd6b7db50fc91a7
  .git/objects/cd/e82cd0a3c33be031bc72123d6e0681c524628d
  .git/objects/ce/1c847f12c027a4c842ba68d0de084fd90f64d5
  .git/objects/ce/6211e8b940dd485818c7abb90790da809317b7
  .git/objects/cf/6db2c1f95c7f3f5a508d938ded37f28cbf8dd5
  .git/objects/d0/14a576ab62f04149ae4ba5786f49852ff82f09
  .git/objects/d0/5da4702257cb6297c8a2263fc5ef8d04870126
  .git/objects/d0/65422e85fc4e1b8f209c7321a6bffbbd7c4940
  .git/objects/d1/c08ad6aa53b1f83710f684cbfa71638a89514f
  .git/objects/d1/d1fb76fd491a6a7a7b37cee6ed2d308ae9b2b5
  .git/objects/d1/dc9d3a1cde71bbcd5d0ee0f3434e98ad4df64d
  .git/objects/d2/39f152db41c75f022c41883bea4af759a74d08
  .git/objects/d4/5cbfc6ef04f8cd80b2a9b21815a2ce20621373
  .git/objects/d4/65863c5d669d173232041bf729880696706f62
  .git/objects/d5/3e56d7cbd9ad19112ec512c1addb2654da583f
  .git/objects/d5/c62d1cf3ef7594870b2c15c9a5623cca01525c
  .git/objects/d5/cfa6b05a8826d377eaa3e82c9e73e5fa719dd5
  .git/objects/d6/5356e0100516229aa75f5ed5193c1674614e0b
  .git/objects/d6/764b10c2b10b1682cdb767910f317093aca661
  .git/objects/d6/a66ae96eaa9fa3d8b523bec21a49a37bfa1de2
  .git/objects/d7/3ec74da9be5f043a8340be9d53e9f67fedd03b
  .git/objects/d8/5503e93d349c10832f3c3579ddf5765d9cdce4
  .git/objects/d8/687ff4ab98f60a4b269616050cbc54faee19c2
  .git/objects/d9/341b5a8af409d28cd862fad2b8af66e1dafd6a
  .git/objects/d9/5171d48a12bb7d4b899353a0461fad5d0718f2
  .git/objects/d9/e0cd1c1bcf64406ff5fe3911cf744cc7172247
  .git/objects/dc/ead8a2eac2c9c2e5c87f3c8ccc6278016dc5b1
  .git/objects/dd/535f83d079cb508318de2a429920e0ae5a6888
  .git/objects/df/131a313fec4ef337697d22a42b20d618cb10b8
  .git/objects/df/25894bbde2d9553cc97e9cdacd6cc51f9e758c
  .git/objects/df/4406e613a69290991965393a9b18092f721abc
  .git/objects/e1/1cd51a39a004b92670fde9de9d25b9e5a5910a
  .git/objects/e1/a12134b6bec18c3dafaef4db1c396640e4dc5d
  .git/objects/e2/33d4c1dcc84d63165c683132a7d7a152d6ad9e
  .git/objects/e2/d65fd499d4ed86048eabe2d4ab63aa00be4276
  .git/objects/e4/2e21b455551547fdc3fc75eb57836e919639e5
  .git/objects/e4/462aeb012f493ee08bda133c47e01e24ae1b9b
  .git/objects/e4/ecac496a0d69c80ad256d7267bf11825de44ce
  .git/objects/e5/175a36379169a1d9f49cc71dec77b41862643d
  .git/objects/e5/18b82e066c3ceea2b7adcbdd6628b0216010d7
  .git/objects/e5/9fb95a324752a9b771dfd1161afc2b89a525a9
  .git/objects/e6/1b3713df675ce9e4664f6ebc8731ecb2465370
  .git/objects/e6/47eab67d6bb2f767dce4a1b56a5ab261c92610
  .git/objects/e6/63a41d6e37d546b52d2848ee50fb9d8db753cd
  .git/objects/e6/9acb76bd3da16bdacf714f556e57c1d05a3732
  .git/objects/e6/9de29bb2d1d6434b8b29ae775ad8c2e48c5391
  .git/objects/e6/d382f0050d556ffca95be514bd7c92294371cd
  .git/objects/e8/5c8b85aa5df7727e06fe3dc701370abfef5e1e
  .git/objects/e8/d3a0332df9a48c79080e181baf3a098115618b
  .git/objects/e9/d07c98414d1b41bc8a7d795916eedda6486589
  .git/objects/ea/551237a4c16226715d0836d845d77d73a7b611
  .git/objects/ea/c3f92a59d694a75fc56cd16de9e0767d2fb4a7
  .git/objects/ea/d328f48207b7bac7a8598a71f325c9d7c0460a
  .git/objects/ea/d5854eeb5765bc3f991f0dc7ed8af0157b0a54
  .git/objects/eb/d4a97d293b6dffb9ffd2cebd897c7be851dbf7
  .git/objects/ec/73ef1a2c8545d6becf7e2b6daa56e100e5447e
  .git/objects/ec/7b73f2ad8a5fc739a6d267ab0d082ecaa204c1
  .git/objects/ec/986a8cb4df7f6773e1793060a3900c66480196
  .git/objects/ec/a3b50a5f3b8a892813ae94e0aa4acee5eaebb9
  .git/objects/ed/0896586ea6d1469d43064dfffa81317eb7def9
  .git/objects/ed/0fb1fd1806130c55ae0794aa9b20a04cb8ae95
  .git/objects/ee/6d0cb6846e9ae3d7af8f6772e54039b48b3b6f
  .git/objects/ee/ce17eaea047608b5aa218998a459e9413ce1c2
  .git/objects/ee/d6cdbed91d183c144436a526293be917bc32c3
  .git/objects/ee/f021f0cfaafdcfa3dc93a2cf74ba56652677dd
  .git/objects/ef/20c20fb648f9d4bcb9aacc82c0e8e5ab551084
  .git/objects/ef/3fad392c0b30ec207e02b0112a8418eed3aec4
  .git/objects/f1/b85b274122565be9b0cef7ab51a70ce77af9c6
  .git/objects/f1/d4d0f239aa89780451ace4792ac185c38d900b
  .git/objects/f2/866c04a5e6a40024a2dc38834683b18432818e
  .git/objects/f2/8fe9ec7d712ce35d6fd955400d5705ce19acbb
  .git/objects/f3/85ef2461a7af0c9cb242ec81cdd58b6a5bafe6
  .git/objects/f5/045e4eeecd90984e49034abc79e19408b6327c
  .git/objects/f5/342a6889d5109cfd3c54554b69ac9e11e86c7c
  .git/objects/f5/6c7b4aefc04dc07f0764e506f0df7e79965ef1
  .git/objects/f7/00fe3531b42aec495c277eea917b7bcb2f7d76
  .git/objects/f7/73f9f163fc228dcbc2def9fd9b0f4cfd0596b7
  .git/objects/f8/1e2e20bdfaa4b74bf6184fc583a7693179644c
  .git/objects/f8/2997aca12b038d7c7dd3679b8cddb690e9ae56
  .git/objects/f8/61e553b3db182d3010c73345dd73dada79f4a5
  .git/objects/f9/bb96a0c8bd3052749ea62d401421e03ba12799
  .git/objects/fb/0db64fbbc432d57763bc3c424445afb3223126
  .git/objects/fc/3281793f634d6d8fdb7160bb359a8ae77ed2f0
  .git/objects/fd/4bc17a2bcb6f697652b6b7a1aeedc5a59a34a6
  .git/objects/fd/ff0b602b982bb615de0b0b90febad303a249c1
  .git/objects/fe/1332e8e208eeeedfbca8ce9842ecceb1cf44be
  .git/objects/ff/6cdbeeb38b365b9528a87540da5c70ace698e4
Source packages should not contain undeclared executable files.
See section ‘Package structure’ in the ‘Writing R Extensions’ manual.
* checking for hidden files and directories ... NOTE
Found the following hidden files and directories:
  .travis.yml
  ..Rcheck
  .git
These were most likely included in error. See section ‘Package
structure’ in the ‘Writing R Extensions’ manual.
* checking for portable file names ... OK
* checking for sufficient/correct file permissions ... OK
* checking whether package ‘mungebits’ can be installed ... OK
* checking installed package size ... OK
* checking package directory ... OK
* checking DESCRIPTION meta-information ... NOTE
Licenses which are templates and need ‘+ file LICENSE’:
  MIT
* checking top-level files ... OK
* checking for left-over files ... OK
* checking index information ... OK
* checking package subdirectories ... WARNING
Found the following directory with the name of a check directory:
  ./..Rcheck
Most likely, these were included erroneously.
* checking R files for non-ASCII characters ... OK
* checking R files for syntax errors ... OK
* checking whether the package can be loaded ... OK
* checking whether the package can be loaded with stated dependencies ... OK
* checking whether the package can be unloaded cleanly ... OK
* checking whether the namespace can be loaded with stated dependencies ... OK
* checking whether the namespace can be unloaded cleanly ... OK
* checking dependencies in R code ... WARNING
‘library’ or ‘require’ call not declared from: ‘stagerunner’
package ‘methods’ is used but not declared
See the information on DESCRIPTION files in the chapter ‘Creating R
packages’ of the ‘Writing R Extensions’ manual.
* checking S3 generic/method consistency ... OK
* checking replacement functions ... OK
* checking foreign function calls ... OK
* checking R code for possible problems ... NOTE
mungebit__initialize: no visible binding for '<<-' assignment to
  ‘train_function’
mungebit__initialize: no visible binding for '<<-' assignment to
  ‘predict_function’
mungebit__initialize: no visible binding for '<<-' assignment to
  ‘inputs’
mungebit__initialize: no visible binding for '<<-' assignment to
  ‘trained’
mungebit__predict: no visible binding for '<<-' assignment to
  ‘predict_function’
mungebit__run: no visible binding for global variable ‘.self’
mungebit__train: no visible binding for '<<-' assignment to
  ‘train_function’
mungebit__train: no visible binding for '<<-' assignment to ‘inputs’
mungebit__train: no visible binding for '<<-' assignment to ‘trained’
* checking Rd files ... OK
* checking Rd metadata ... OK
* checking Rd cross-references ... OK
* checking for missing documentation entries ... OK
* checking for code/documentation mismatches ... OK
* checking Rd \usage sections ... OK
* checking Rd contents ... OK
* checking for unstated dependencies in examples ... OK
* checking examples ... OK
* checking for unstated dependencies in tests ... OK
* checking tests ... ERROR
Running the tests in ‘tests/test-all.R’ failed.
Last 13 lines of output:
  mungeplane : ..
  parse_mungepiece function : ......
  
  
  1. Failure: it correctly does nothing if no mungepieces are passed -------------
  munge(iris) not equal to iris[, 1]
  Modes: numeric, list
  Lengths: 150, 5
  names for current but not for target
  Attributes: < target is NULL, current is list >
  target is numeric, current is data.frame
  Error: Test failures
  Execution halted
